..:2
:21
A:1
K,:1
LBs:1
PU,:1
S:7
WW.OSTEP.ORGd?l:1
ables.:1
ach:2
ackle:1
age:1
ails.:1
aiting:1
akes:1
an:1
anager.:1
and:1
ant:2
any:1
ard?:1
ardware:2
arge:3
ariable?‚Äùgd?l:1
arty:1
as:4
ase,:1
ase/bounds,on!:1
ase:1
asic:1
asy::1
ata:2
ather,:1
aught:1
ause):1
ave:5
awkward:1
ay:1
aybe:1
ble:3
bout:3
bout?:1
ccomplished.n?:1
chedule:1
cross.:1
ctually:1
dd:2
ddress.:1
ddress:5
ddresses,lygd?l:1
ddressesllygd?l:1
e:9
e?:1
ead,:1
ead:1
eal:1
eally:3
eals,:1
ean:1
early:1
eason:1
eat!:1
ecause:1
echniquesdgon!:1
ecomes:1
eed:1
een:1
eep:1
ehavior:1
elf):1
ell,:4
elp,:1
emember,:sùgd?l:1
emember:1
emester.:sùgd?l:1
emory,:2
emory.:2
emory:3
emory;:1
enerallyonional:1
enerateddingd?l:1
ental:1
eprivation,ed?l:1
equires:1
erhaps:1
ery:1
escribe:1
esired:1
esponse:1
ess).:1
essage:1
et:1
etails,:1
etails:1
etting:1
evelop:1
ever:1
ew:1
ext:1
ey,:1
e‚Äôll:2
f:12
ffending:sùgd?l:1
gain?:1
h:1
hallenges,,on!:1
hat,:2
hat...:1
hat:8
hat‚Äôs:1
he:18
hem.:1
hem:1
here:2
hese:1
hey:2
hing.:1
hings:1
hink:2
his:3
his::2
ho:1
hought:1
hould.:1
hould:1
hus,:1
hus:1
hy:3
hysical:1
ialogue:1
iew:1
ife,:1
ig:2
ight:2
ight?:1
ike.:1
ike:3
ill:3
imple,:1
ind:1
ips:1
irtual,:2
irtual:5
irtualization!:1
irtualization:1
irtualization?:1
irtualizetion!:1
irtualizingon!:1
ission:1
ith:6
itting:1
ittle:1
ive:1
lass:2
leep-deprived?l:1
leep:2
ll:2
llusion:2
loset::1
lowly:1
lse?:1
lways:1
mall,:1
mmm....:1
n.:1
n:6
ncludings,,on!:1
nd:13
nderstanddgon!:1
nderstandingd?l:1
ne:1
nformation.gd?l:1
nformationional:1
nless:1
nteract.ddgon!:1
nto:3
nto;:1
ntricateddgon!:1
nundatedctional:1
ny:2
nyway,:1
o!:1
o,:1
o:26
ocate:1
ode:2
odel:1
odern:1
oes:1
oing:1
ome:2
omeone:1
omplexitys,on!:1
omplicatedgon!:1
one:2
onster:1
ontiguous..gd?l:1
on‚Äôt:2
oo.:1
ood:1
ool.:1
oom:1
oor:1
opics:1
or:6
orals:1
ore:3
orkings:1
orry:2
orse,:1
ort:1
ostly:1
ot.:1
ot:3
othing.....gd?l:1
ots:1
ou:7
ounds:1
our:3
ow:2
pace:2
pecificallygd?l:1
r:1
re:7
retend:1
ricky:1
ritten:1
rivate:1
robably:1
rocess!:1
rocess,:1
rocess:1
rofessor:,ùgd?l:1
rofessor:..gd?l:1
rofessor:dgon!:1
rofessor:ived?l:1
rofessor:n.gd?l:1
rofessor:sùgd?l:1
rofessor:tion?:3
rofessorstion?:1
rogram:7
rogrammer,.gd?l:1
rogrammer,ùgd?l:1
rogram‚Äôsùgd?l:1
rom:2
rom::1
roper:1
rotection,ùgd?l:1
rovide:1
rovidingdingd?l:1
rowded:1
rrant:2
s:13
se::1
ser:3
sk:1
sking:1
sn‚Äôt:1
solation:,ùgd?l:1
t:3
tart:2
ther:1
thics:1
to:1
tore:1
traight:1
ts:2
tudent,:1
tudent::10
tudents:1
t‚Äôs:2
uch:1
uestion.:tion?:1
uestions,tion?:2
ully-functional:1
ulti-level,on!:1
umbling:1
un:1
upposed:1
ure:1
urn:1
ust:3
ut:6
ventually,,on!:1
verwrite,,ùgd?l:1
very:4
wn:1
xcited;:1
y:3
Äúwhere:1
